<?xml version="1.0" encoding="UTF-8"?>
<testng-results ignored="0" total="1" passed="1" failed="0" skipped="0">
  <reporter-output>
  </reporter-output>
  <suite started-at="2025-07-31T23:03:54 IST" name="Surefire suite" finished-at="2025-07-31T23:04:03 IST" duration-ms="8598">
    <groups>
    </groups>
    <test started-at="2025-07-31T23:03:54 IST" name="Surefire test" finished-at="2025-07-31T23:04:03 IST" duration-ms="8598">
      <class name="selenium.AppTest">
        <test-method signature="testGoogle()[pri:0, instance:selenium.AppTest@64c87930]" started-at="2025-07-31T23:03:54 IST" name="testGoogle" finished-at="2025-07-31T23:04:03 IST" duration-ms="8554" status="PASS">
          <reporter-output>
          </reporter-output>
        </test-method> <!-- testGoogle -->
      </class> <!-- selenium.AppTest -->
    </test> <!-- Surefire test -->
  </suite> <!-- Surefire suite -->
</testng-results>
